<?xml version="1.0" encoding="UTF-8"?>
<!-- Generated by org.testng.reporters.JUnitReportReporter -->
<testsuite hostname="tarun" name="Marketplace.PurchaseOrderDedicatedServer" tests="8" failures="0" timestamp="13 Aug 2020 07:43:30 GMT" time="90.140" errors="0">
  <testcase name="purchaseDomainOrder" time="58.306" classname="Marketplace.PurchaseOrderDedicatedServer"/>
  <testcase name="VerifyTotalAmountInMyOrders" time="0.073" classname="Marketplace.PurchaseOrderDedicatedServer"/>
  <testcase name="verifyOrderAmountInMyBilling" time="5.296" classname="Marketplace.PurchaseOrderDedicatedServer"/>
  <testcase name="verifyReceiptAmountInMyBilling" time="1.105" classname="Marketplace.PurchaseOrderDedicatedServer"/>
  <testcase name="VerifyTotalAmountInMyInvoices" time="7.840" classname="Marketplace.PurchaseOrderDedicatedServer"/>
  <testcase name="verifyInvoiceAmountInMyledger" time="1.235" classname="Marketplace.PurchaseOrderDedicatedServer"/>
  <testcase name="VerifyHostNameInMyAccount" time="8.529" classname="Marketplace.PurchaseOrderDedicatedServer"/>
  <testcase name="VerifyTotalAmountInMyReceipts" time="7.756" classname="Marketplace.PurchaseOrderDedicatedServer"/>
</testsuite> <!-- Marketplace.PurchaseOrderDedicatedServer -->
