<?xml version="1.0" encoding="UTF-8"?>
<!-- Generated by org.testng.reporters.JUnitReportReporter -->
<testsuite hostname="tarun" name="Marketplace.MyServices" tests="8" failures="0" timestamp="24 Sep 2020 10:52:14 GMT" time="301.582" errors="0">
  <testcase name="verifyUpgradeQuantityInMyServices" time="5.241" classname="Marketplace.MyServices"/>
  <testcase name="createTicket" time="13.227" classname="Marketplace.MyServices"/>
  <testcase name="renewNowAndVerifyAmount" time="75.724" classname="Marketplace.MyServices"/>
  <testcase name="submitCancellationRequest" time="6.134" classname="Marketplace.MyServices"/>
  <testcase name="verifyDowngradeQuantityInMyServices" time="5.076" classname="Marketplace.MyServices"/>
  <testcase name="verifyRenewServiceInvoiceStatus" time="7.054" classname="Marketplace.MyServices"/>
  <testcase name="downgradeServiceAndVerifyAmountInLedger" time="55.488" classname="Marketplace.MyServices"/>
  <testcase name="upgradeServiceAndVerifyAmountInLedger" time="133.638" classname="Marketplace.MyServices"/>
</testsuite> <!-- Marketplace.MyServices -->
