<?xml version="1.0" encoding="UTF-8"?>
<!-- Generated by org.testng.reporters.JUnitReportReporter -->
<testsuite hostname="tarun" name="Marketplace.PurchaseVPSCloudOnline" tests="8" failures="0" timestamp="25 Sep 2020 09:28:37 GMT" time="99.521" errors="0">
  <testcase name="verifyTotalAmountInMyInvoices" time="6.777" classname="Marketplace.PurchaseVPSCloudOnline"/>
  <testcase name="verifyTotalAmountInMyReceipts" time="7.082" classname="Marketplace.PurchaseVPSCloudOnline"/>
  <testcase name="verifyHostNameInMyAccount" time="7.469" classname="Marketplace.PurchaseVPSCloudOnline"/>
  <testcase name="verifyOrderAmountInMyBilling" time="5.099" classname="Marketplace.PurchaseVPSCloudOnline"/>
  <testcase name="verifyInvoiceAmountInMyledger" time="1.117" classname="Marketplace.PurchaseVPSCloudOnline"/>
  <testcase name="purchaseVPSCloudOnline" time="70.863" classname="Marketplace.PurchaseVPSCloudOnline"/>
  <testcase name="verifyReceiptAmountInMyBilling" time="1.045" classname="Marketplace.PurchaseVPSCloudOnline"/>
  <testcase name="verifyTotalAmountInMyOrders" time="0.069" classname="Marketplace.PurchaseVPSCloudOnline"/>
</testsuite> <!-- Marketplace.PurchaseVPSCloudOnline -->
