<?xml version="1.0" encoding="UTF-8"?>
<!-- Generated by org.testng.reporters.JUnitReportReporter -->
<testsuite hostname="tarun" name="Marketplace.PurchaseESDOffline" tests="8" failures="0" timestamp="24 Sep 2020 12:57:09 GMT" time="107.583" errors="0">
  <testcase name="verifyTotalAmountInMyOrders" time="0.053" classname="Marketplace.PurchaseESDOffline"/>
  <testcase name="verifyProductNameInMyAccount" time="7.600" classname="Marketplace.PurchaseESDOffline"/>
  <testcase name="verifyTotalAmountInMyInvoices" time="8.164" classname="Marketplace.PurchaseESDOffline"/>
  <testcase name="purchaseESDOffline" time="19.690" classname="Marketplace.PurchaseESDOffline"/>
  <testcase name="verifyTotalAmountInMyReceipts" time="6.879" classname="Marketplace.PurchaseESDOffline"/>
  <testcase name="payPendingOrderPayment" time="63.287" classname="Marketplace.PurchaseESDOffline"/>
  <testcase name="verifyInvoiceAmountInMyledger" time="0.947" classname="Marketplace.PurchaseESDOffline"/>
  <testcase name="verifyReceiptAmountInMyBilling" time="0.963" classname="Marketplace.PurchaseESDOffline"/>
</testsuite> <!-- Marketplace.PurchaseESDOffline -->
