<?xml version="1.0" encoding="UTF-8"?>
<!-- Generated by org.testng.reporters.JUnitReportReporter -->
<testsuite hostname="tarun" name="Marketplace.PurchaseServiceOffline" tests="6" failures="0" timestamp="11 Aug 2020 08:08:40 GMT" time="201.409" errors="0">
  <testcase name="VerifyOrderInMyAccount" time="9.940" classname="Marketplace.PurchaseServiceOffline"/>
  <testcase name="VerifyTotalAmountInMyOrders" time="0.078" classname="Marketplace.PurchaseServiceOffline"/>
  <testcase name="PayPendingOrderPayment" time="138.837" classname="Marketplace.PurchaseServiceOffline"/>
  <testcase name="purchaseOrder" time="42.824" classname="Marketplace.PurchaseServiceOffline"/>
  <testcase name="verifyEmailLogs" time="1.365" classname="Marketplace.PurchaseServiceOffline"/>
  <testcase name="VerifyTotalAmountInMyInvoices" time="8.365" classname="Marketplace.PurchaseServiceOffline"/>
</testsuite> <!-- Marketplace.PurchaseServiceOffline -->
