<?xml version="1.0" encoding="UTF-8"?>
<!-- Generated by org.testng.reporters.JUnitReportReporter -->
<testsuite hostname="tarun" name="Marketplace.PurchaseBulkOrderOffline" tests="8" failures="0" timestamp="24 Sep 2020 12:57:09 GMT" time="217.443" errors="0">
  <testcase name="purchaseBulkOrderOffline" time="48.674" classname="Marketplace.PurchaseBulkOrderOffline"/>
  <testcase name="verifyTotalAmountInMyReceipts" time="7.192" classname="Marketplace.PurchaseBulkOrderOffline"/>
  <testcase name="verifyDomainServiceEmailLogs" time="3.752" classname="Marketplace.PurchaseBulkOrderOffline"/>
  <testcase name="verifyInvoiceAmountInMyledger" time="1.038" classname="Marketplace.PurchaseBulkOrderOffline"/>
  <testcase name="verifyEmailServiceEmailLogs" time="0.033" classname="Marketplace.PurchaseBulkOrderOffline"/>
  <testcase name="verifyTotalAmountInMyInvoices" time="8.102" classname="Marketplace.PurchaseBulkOrderOffline"/>
  <testcase name="verifyReceiptAmountInMyBilling" time="1.083" classname="Marketplace.PurchaseBulkOrderOffline"/>
  <testcase name="payPendingOrderPayment" time="147.569" classname="Marketplace.PurchaseBulkOrderOffline"/>
</testsuite> <!-- Marketplace.PurchaseBulkOrderOffline -->
