<?xml version="1.0" encoding="UTF-8"?>
<!-- Generated by org.testng.reporters.JUnitReportReporter -->
<testsuite hostname="tarun" name="Marketplace.PurchaseBulkOrderOnline" tests="9" failures="0" timestamp="24 Sep 2020 12:57:09 GMT" time="205.056" errors="0">
  <testcase name="verifyTotalAmountInMyInvoices" time="7.174" classname="Marketplace.PurchaseBulkOrderOnline"/>
  <testcase name="verifyInvoiceAmountInMyledger" time="1.080" classname="Marketplace.PurchaseBulkOrderOnline"/>
  <testcase name="verifyEmailServiceEmailLogs" time="0.027" classname="Marketplace.PurchaseBulkOrderOnline"/>
  <testcase name="purchaseBulkOrderOnline" time="170.823" classname="Marketplace.PurchaseBulkOrderOnline"/>
  <testcase name="verifyOrderAmountInMyBilling" time="5.004" classname="Marketplace.PurchaseBulkOrderOnline"/>
  <testcase name="verifyTotalAmountInMyOrders" time="8.804" classname="Marketplace.PurchaseBulkOrderOnline"/>
  <testcase name="verifyTotalAmountInMyReceipts" time="7.401" classname="Marketplace.PurchaseBulkOrderOnline"/>
  <testcase name="verifyDomainServiceEmailLogs" time="3.723" classname="Marketplace.PurchaseBulkOrderOnline"/>
  <testcase name="verifyReceiptAmountInMyBilling" time="1.020" classname="Marketplace.PurchaseBulkOrderOnline"/>
</testsuite> <!-- Marketplace.PurchaseBulkOrderOnline -->
