<?xml version="1.0" encoding="UTF-8"?>
<!-- Generated by org.testng.reporters.JUnitReportReporter -->
<testsuite hostname="tarun" name="Marketplace.PurchaseDedicatedServerCredit" tests="8" failures="0" timestamp="24 Sep 2020 10:52:14 GMT" time="137.432" errors="0">
  <testcase name="submitCancellationRequest" time="6.135" classname="Marketplace.PurchaseDedicatedServerCredit"/>
  <testcase name="addTopUpAmountAndVerifyInReceipt" time="65.952" classname="Marketplace.PurchaseDedicatedServerCredit"/>
  <testcase name="upgradeTermAndVerifyDate" time="24.134" classname="Marketplace.PurchaseDedicatedServerCredit"/>
  <testcase name="verifyRenewServiceInvoiceStatus" time="0.576" classname="Marketplace.PurchaseDedicatedServerCredit"/>
  <testcase name="purchaseServerrWithCredit" time="25.667" classname="Marketplace.PurchaseDedicatedServerCredit"/>
  <testcase name="verifyHostNameInMyAccount" time="0.054" classname="Marketplace.PurchaseDedicatedServerCredit"/>
  <testcase name="verifyServiceAmountInLedger" time="0.983" classname="Marketplace.PurchaseDedicatedServerCredit"/>
  <testcase name="renewThisServiceAndVerifyDueDate" time="13.931" classname="Marketplace.PurchaseDedicatedServerCredit"/>
</testsuite> <!-- Marketplace.PurchaseDedicatedServerCredit -->
