<?xml version="1.0" encoding="UTF-8"?>
<!-- Generated by org.testng.reporters.JUnitReportReporter -->
<testsuite hostname="tarun" name="Marketplace.PurchasBulkOrderOffline" tests="8" failures="0" timestamp="17 Sep 2020 08:05:16 GMT" time="225.241" errors="0">
  <testcase name="verifyTotalAmountInMyReceipts" time="6.750" classname="Marketplace.PurchasBulkOrderOffline"/>
  <testcase name="verifyReceiptAmountInMyBilling" time="0.981" classname="Marketplace.PurchasBulkOrderOffline"/>
  <testcase name="verifyDomainServiceEmailLogs" time="3.731" classname="Marketplace.PurchasBulkOrderOffline"/>
  <testcase name="payPendingOrderPayment" time="154.628" classname="Marketplace.PurchasBulkOrderOffline"/>
  <testcase name="verifyTotalAmountInMyInvoices" time="7.822" classname="Marketplace.PurchasBulkOrderOffline"/>
  <testcase name="purchaseBulkOrderOffline" time="50.302" classname="Marketplace.PurchasBulkOrderOffline"/>
  <testcase name="verifyEmailServiceEmailLogs" time="0.027" classname="Marketplace.PurchasBulkOrderOffline"/>
  <testcase name="verifyInvoiceAmountInMyledger" time="1.000" classname="Marketplace.PurchasBulkOrderOffline"/>
</testsuite> <!-- Marketplace.PurchasBulkOrderOffline -->
