<?xml version="1.0" encoding="UTF-8"?>
<!-- Generated by org.testng.reporters.JUnitReportReporter -->
<testsuite hostname="tarun" name="Marketplace.PurchaseMSOffice365Credit" tests="6" failures="0" timestamp="24 Sep 2020 10:52:15 GMT" time="188.614" errors="0">
  <testcase name="verifyTotalAmountInMyInvoices" time="0.878" classname="Marketplace.PurchaseMSOffice365Credit"/>
  <testcase name="renewThisServiceAndVerifyDueDate" time="14.581" classname="Marketplace.PurchaseMSOffice365Credit"/>
  <testcase name="purchaseOrderWithCredit" time="94.429" classname="Marketplace.PurchaseMSOffice365Credit"/>
  <testcase name="addTopUpAmountAndVerifyInReceipt" time="78.239" classname="Marketplace.PurchaseMSOffice365Credit"/>
  <testcase name="verifyRenewServiceInvoiceStatus" time="0.414" classname="Marketplace.PurchaseMSOffice365Credit"/>
  <testcase name="verifyOrderInMyAccount" time="0.073" classname="Marketplace.PurchaseMSOffice365Credit"/>
</testsuite> <!-- Marketplace.PurchaseMSOffice365Credit -->
