<?xml version="1.0" encoding="UTF-8"?>
<!-- Generated by org.testng.reporters.JUnitReportReporter -->
<testsuite hostname="tarun" name="Marketplace.PurchaseDomainOnline" tests="8" failures="0" timestamp="1 Dec 2020 09:43:48 GMT" time="334.873" errors="0">
  <testcase name="verifyReceiptAmountInMyBilling" time="1.035" classname="Marketplace.PurchaseDomainOnline"/>
  <testcase name="verifyEmailLogs" time="3.768" classname="Marketplace.PurchaseDomainOnline"/>
  <testcase name="purchaseDomainOrder" time="305.815" classname="Marketplace.PurchaseDomainOnline"/>
  <testcase name="verifyTotalAmountInMyInvoices" time="8.562" classname="Marketplace.PurchaseDomainOnline"/>
  <testcase name="verifyInvoiceAmountInMyledger" time="1.028" classname="Marketplace.PurchaseDomainOnline"/>
  <testcase name="verifyOrderAmountInMyBilling" time="5.680" classname="Marketplace.PurchaseDomainOnline"/>
  <testcase name="verifyTotalAmountInMyOrders" time="0.255" classname="Marketplace.PurchaseDomainOnline"/>
  <testcase name="verifyTotalAmountInMyReceipts" time="8.730" classname="Marketplace.PurchaseDomainOnline"/>
</testsuite> <!-- Marketplace.PurchaseDomainOnline -->
