<?xml version="1.0" encoding="UTF-8"?>
<!-- Generated by org.testng.reporters.JUnitReportReporter -->
<testsuite hostname="tarun" name="Marketplace.PurchaseDedicatedServerOffline" tests="5" failures="0" timestamp="24 Sep 2020 10:52:14 GMT" time="95.746" errors="0">
  <testcase name="payPendingOrderPayment" time="58.581" classname="Marketplace.PurchaseDedicatedServerOffline"/>
  <testcase name="verifyTotalAmountInMyInvoices" time="7.595" classname="Marketplace.PurchaseDedicatedServerOffline"/>
  <testcase name="purchaseServerOffline" time="21.598" classname="Marketplace.PurchaseDedicatedServerOffline"/>
  <testcase name="verifyTotalAmountInMyOrders" time="0.062" classname="Marketplace.PurchaseDedicatedServerOffline"/>
  <testcase name="verifyHostNameInMyAccount" time="7.910" classname="Marketplace.PurchaseDedicatedServerOffline"/>
</testsuite> <!-- Marketplace.PurchaseDedicatedServerOffline -->
