<?xml version="1.0" encoding="UTF-8"?>
<!-- Generated by org.testng.reporters.JUnitReportReporter -->
<testsuite hostname="tarun" name="Marketplace.PurchaseAcronicsOnline" tests="9" failures="0" timestamp="1 Dec 2020 09:14:35 GMT" time="136.852" errors="0">
  <testcase name="purchaseAcronicsOnline" time="93.679" classname="Marketplace.PurchaseAcronicsOnline"/>
  <testcase name="verifyUserNameInMyAccount" time="10.229" classname="Marketplace.PurchaseAcronicsOnline"/>
  <testcase name="verifyInvoiceAmountInMyledger" time="1.098" classname="Marketplace.PurchaseAcronicsOnline"/>
  <testcase name="verifyOrderAmountInMyBilling" time="6.958" classname="Marketplace.PurchaseAcronicsOnline"/>
  <testcase name="verifyTotalAmountInMyReceipts" time="10.670" classname="Marketplace.PurchaseAcronicsOnline"/>
  <testcase name="verifyTotalAmountInMyInvoices" time="9.338" classname="Marketplace.PurchaseAcronicsOnline"/>
  <testcase name="verifyTotalAmountInMyOrders" time="0.063" classname="Marketplace.PurchaseAcronicsOnline"/>
  <testcase name="verifyEmailLogs" time="3.765" classname="Marketplace.PurchaseAcronicsOnline"/>
  <testcase name="verifyReceiptAmountInMyBilling" time="1.052" classname="Marketplace.PurchaseAcronicsOnline"/>
</testsuite> <!-- Marketplace.PurchaseAcronicsOnline -->
