<?xml version="1.0" encoding="UTF-8"?>
<!-- Generated by org.testng.reporters.JUnitReportReporter -->
<testsuite hostname="tarun" name="Marketplace.PurchaseDedicatedServerOnline" tests="8" failures="0" timestamp="25 Sep 2020 09:34:03 GMT" time="97.152" errors="0">
  <testcase name="verifyTotalAmountInMyInvoices" time="6.640" classname="Marketplace.PurchaseDedicatedServerOnline"/>
  <testcase name="verifyTotalAmountInMyReceipts" time="6.728" classname="Marketplace.PurchaseDedicatedServerOnline"/>
  <testcase name="verifyHostNameInMyAccount" time="8.122" classname="Marketplace.PurchaseDedicatedServerOnline"/>
  <testcase name="verifyOrderAmountInMyBilling" time="4.900" classname="Marketplace.PurchaseDedicatedServerOnline"/>
  <testcase name="verifyInvoiceAmountInMyledger" time="0.998" classname="Marketplace.PurchaseDedicatedServerOnline"/>
  <testcase name="purchaseDedicatedServerOnline" time="68.667" classname="Marketplace.PurchaseDedicatedServerOnline"/>
  <testcase name="verifyReceiptAmountInMyBilling" time="1.038" classname="Marketplace.PurchaseDedicatedServerOnline"/>
  <testcase name="verifyTotalAmountInMyOrders" time="0.059" classname="Marketplace.PurchaseDedicatedServerOnline"/>
</testsuite> <!-- Marketplace.PurchaseDedicatedServerOnline -->
