<?xml version="1.0" encoding="UTF-8"?>
<!-- Generated by org.testng.reporters.JUnitReportReporter -->
<testsuite hostname="tarun" name="Marketplace.PurchaseBundleOnline" tests="9" failures="0" timestamp="25 Sep 2020 09:26:01 GMT" time="211.173" errors="0">
  <testcase name="verifyTotalAmountInMyOrders" time="7.773" classname="Marketplace.PurchaseBundleOnline"/>
  <testcase name="verifyEmailServiceEmailLogs" time="0.028" classname="Marketplace.PurchaseBundleOnline"/>
  <testcase name="verifyTotalAmountInMyInvoices" time="6.605" classname="Marketplace.PurchaseBundleOnline"/>
  <testcase name="verifyInvoiceAmountInMyledger" time="1.051" classname="Marketplace.PurchaseBundleOnline"/>
  <testcase name="verifyTotalAmountInMyReceipts" time="7.084" classname="Marketplace.PurchaseBundleOnline"/>
  <testcase name="verifyAcronisServiceEmailLogs" time="3.816" classname="Marketplace.PurchaseBundleOnline"/>
  <testcase name="verifyOrderAmountInMyBilling" time="5.045" classname="Marketplace.PurchaseBundleOnline"/>
  <testcase name="purchaseBundleOnline" time="178.780" classname="Marketplace.PurchaseBundleOnline"/>
  <testcase name="verifyReceiptAmountInMyBilling" time="0.991" classname="Marketplace.PurchaseBundleOnline"/>
</testsuite> <!-- Marketplace.PurchaseBundleOnline -->
