<?xml version="1.0" encoding="UTF-8"?>
<!-- Generated by org.testng.reporters.JUnitReportReporter -->
<testsuite hostname="tarun" name="Marketplace.PurchaseOrderDedicatedServerCredit" tests="8" failures="0" timestamp="13 Aug 2020 07:20:47 GMT" time="127.256" errors="0">
  <testcase name="VerifyHostNameInMyAccount" time="0.064" classname="Marketplace.PurchaseOrderDedicatedServerCredit"/>
  <testcase name="verifyServiceAmountInLedger" time="1.199" classname="Marketplace.PurchaseOrderDedicatedServerCredit"/>
  <testcase name="VerifyRenewServiceInvoiceStatus" time="1.380" classname="Marketplace.PurchaseOrderDedicatedServerCredit"/>
  <testcase name="addTopUpAmountAndVerifyInReceipt" time="51.891" classname="Marketplace.PurchaseOrderDedicatedServerCredit"/>
  <testcase name="RenewThisServiceAndVerifyDueDate" time="14.359" classname="Marketplace.PurchaseOrderDedicatedServerCredit"/>
  <testcase name="UpgradeTerm" time="25.801" classname="Marketplace.PurchaseOrderDedicatedServerCredit"/>
  <testcase name="SubmitCancellationRequest" time="5.610" classname="Marketplace.PurchaseOrderDedicatedServerCredit"/>
  <testcase name="PurchaseServerrWithCredit" time="26.952" classname="Marketplace.PurchaseOrderDedicatedServerCredit"/>
</testsuite> <!-- Marketplace.PurchaseOrderDedicatedServerCredit -->
