<?xml version="1.0" encoding="UTF-8"?>
<!-- Generated by org.testng.reporters.JUnitReportReporter -->
<testsuite hostname="tarun" name="Marketplace.PurchaseDomainCredit" tests="7" failures="0" timestamp="24 Sep 2020 10:52:14 GMT" time="166.244" errors="0">
  <testcase name="addTopUpAmountAndVerifyInReceipt" time="66.020" classname="Marketplace.PurchaseDomainCredit"/>
  <testcase name="purchaseDomainWithCredit" time="44.193" classname="Marketplace.PurchaseDomainCredit"/>
  <testcase name="verifyServiceAmountInLedger" time="1.028" classname="Marketplace.PurchaseDomainCredit"/>
  <testcase name="upgradeTermAndVerifyDate" time="33.488" classname="Marketplace.PurchaseDomainCredit"/>
  <testcase name="renewThisServiceAndVerifyDueDate" time="20.503" classname="Marketplace.PurchaseDomainCredit"/>
  <testcase name="verifyRenewServiceInvoiceStatus" time="0.952" classname="Marketplace.PurchaseDomainCredit"/>
  <testcase name="verifyTotalAmountInMyOrders" time="0.060" classname="Marketplace.PurchaseDomainCredit"/>
</testsuite> <!-- Marketplace.PurchaseDomainCredit -->
