<?xml version="1.0" encoding="UTF-8"?>
<!-- Generated by org.testng.reporters.JUnitReportReporter -->
<testsuite hostname="tarun" name="Marketplace.PurchaseDomainOffline" tests="5" failures="0" timestamp="24 Sep 2020 10:52:14 GMT" time="120.773" errors="0">
  <testcase name="verifyTotalAmountInMyOrders" time="0.060" classname="Marketplace.PurchaseDomainOffline"/>
  <testcase name="purchaseDomainOffline" time="39.713" classname="Marketplace.PurchaseDomainOffline"/>
  <testcase name="verifyEmailLogs" time="3.831" classname="Marketplace.PurchaseDomainOffline"/>
  <testcase name="verifyTotalAmountInMyInvoices" time="7.690" classname="Marketplace.PurchaseDomainOffline"/>
  <testcase name="payPendingOrderPayment" time="69.479" classname="Marketplace.PurchaseDomainOffline"/>
</testsuite> <!-- Marketplace.PurchaseDomainOffline -->
