<?xml version="1.0" encoding="UTF-8"?>
<!-- Generated by org.testng.reporters.JUnitReportReporter -->
<testsuite hostname="tarun" name="Marketplace.PurchaseBulkOrderCredit" tests="9" failures="0" timestamp="24 Sep 2020 12:57:09 GMT" time="210.224" errors="0">
  <testcase name="verifyTotalAmountInMyReceipts" time="6.868" classname="Marketplace.PurchaseBulkOrderCredit"/>
  <testcase name="purchaseBulkOrderWithCredit" time="115.928" classname="Marketplace.PurchaseBulkOrderCredit"/>
  <testcase name="verifyReceiptAmountInMyBilling" time="1.028" classname="Marketplace.PurchaseBulkOrderCredit"/>
  <testcase name="verifyInvoiceAmountInMyledger" time="1.067" classname="Marketplace.PurchaseBulkOrderCredit"/>
  <testcase name="addTopUpAmountAndVerifyInReceipt" time="68.465" classname="Marketplace.PurchaseBulkOrderCredit"/>
  <testcase name="verifyOrderAmountInMyBilling" time="5.574" classname="Marketplace.PurchaseBulkOrderCredit"/>
  <testcase name="verifyEmailServiceEmailLogs" time="0.025" classname="Marketplace.PurchaseBulkOrderCredit"/>
  <testcase name="verifyTotalAmountInMyInvoices" time="7.535" classname="Marketplace.PurchaseBulkOrderCredit"/>
  <testcase name="verifyDomainServiceEmailLogs" time="3.734" classname="Marketplace.PurchaseBulkOrderCredit"/>
</testsuite> <!-- Marketplace.PurchaseBulkOrderCredit -->
